<?xml version="1.0" encoding="UTF-8"?>
<!-- Generated by org.testng.reporters.JUnitReportReporter -->
<testsuite skipped="0" hostname="LAPTOP-NQLJL8JJ" name="DevOps.NewTest" tests="1" failures="0" timestamp="2020-05-26T15:58:30 IST" time="9.382" errors="0">
  <testcase name="mainTest" time="9.382" classname="DevOps.NewTest"/>
</testsuite> <!-- DevOps.NewTest -->
